<?xml version="1.0" encoding="UTF-8"?>
<testng-results skipped="0" failed="0" total="1" passed="1">
  <reporter-output>
  </reporter-output>
  <suite name="Command line suite" duration-ms="20" started-at="2016-06-29T04:42:14Z" finished-at="2016-06-29T04:42:14Z">
    <groups>
    </groups>
    <test name="Command line test" duration-ms="20" started-at="2016-06-29T04:42:14Z" finished-at="2016-06-29T04:42:14Z">
      <class name="com.craft.AppTest">
        <test-method status="PASS" signature="testApp()[pri:0, instance:testApp(com.craft.AppTest)]" name="testApp" duration-ms="2" started-at="2016-06-28T21:42:14Z" finished-at="2016-06-28T21:42:14Z">
          <reporter-output>
          </reporter-output>
        </test-method> <!-- testApp -->
      </class> <!-- com.craft.AppTest -->
    </test> <!-- Command line test -->
  </suite> <!-- Command line suite -->
</testng-results>
