<?xml version="1.0" encoding="UTF-8"?>
<testng-results skipped="0" failed="0" total="1" passed="1">
  <reporter-output>
  </reporter-output>
  <suite name="Command line suite" duration-ms="15186" started-at="2016-06-29T04:41:59Z" finished-at="2016-06-29T04:42:14Z">
    <groups>
    </groups>
    <test name="Command line test" duration-ms="15186" started-at="2016-06-29T04:41:59Z" finished-at="2016-06-29T04:42:14Z">
      <class name="com.craft.WebAppTest">
        <test-method status="PASS" signature="webSiteTest()[pri:0, instance:com.craft.WebAppTest@380fb434]" name="webSiteTest" duration-ms="15157" started-at="2016-06-28T21:41:59Z" finished-at="2016-06-28T21:42:14Z">
          <reporter-output>
          </reporter-output>
        </test-method> <!-- webSiteTest -->
      </class> <!-- com.craft.WebAppTest -->
    </test> <!-- Command line test -->
  </suite> <!-- Command line suite -->
</testng-results>
