<?xml version="1.0" encoding="UTF-8"?>
<testng-results skipped="0" failed="0" total="2" passed="2">
  <reporter-output>
  </reporter-output>
  <suite name="Command line suite" duration-ms="38" started-at="2016-06-29T08:15:57Z" finished-at="2016-06-29T08:15:57Z">
    <groups>
    </groups>
    <test name="Command line test" duration-ms="38" started-at="2016-06-29T08:15:57Z" finished-at="2016-06-29T08:15:57Z">
      <class name="com.craft.WebAppTest">
        <test-method status="PASS" signature="webSiteTest()[pri:0, instance:com.craft.WebAppTest@6bf256fa]" name="webSiteTest" duration-ms="0" started-at="2016-06-29T01:15:57Z" finished-at="2016-06-29T01:15:57Z">
          <reporter-output>
          </reporter-output>
        </test-method> <!-- webSiteTest -->
      </class> <!-- com.craft.WebAppTest -->
      <class name="com.craft.AppTest">
        <test-method status="PASS" signature="webAppTest()[pri:0, instance:com.craft.AppTest@566776ad]" name="webAppTest" duration-ms="16" started-at="2016-06-29T01:15:57Z" finished-at="2016-06-29T01:15:57Z">
          <reporter-output>
          </reporter-output>
        </test-method> <!-- webAppTest -->
      </class> <!-- com.craft.AppTest -->
    </test> <!-- Command line test -->
  </suite> <!-- Command line suite -->
</testng-results>
