<?xml version="1.0" encoding="UTF-8"?>
<testng-results skipped="0" failed="0" total="2" passed="2">
  <reporter-output>
  </reporter-output>
  <suite name="My Sample Suite" duration-ms="236" started-at="2016-06-29T08:20:55Z" finished-at="2016-06-29T08:20:55Z">
    <groups>
    </groups>
    <test name="Sample Application Test" duration-ms="114" started-at="2016-06-29T08:20:55Z" finished-at="2016-06-29T08:20:55Z">
      <class name="com.craft.AppTest">
        <test-method status="PASS" signature="webAppTest()[pri:0, instance:com.craft.AppTest@1753acfe]" name="webAppTest" duration-ms="47" started-at="2016-06-29T01:20:55Z" finished-at="2016-06-29T01:20:55Z">
          <reporter-output>
          </reporter-output>
        </test-method> <!-- webAppTest -->
      </class> <!-- com.craft.AppTest -->
    </test> <!-- Sample Application Test -->
    <test name="Sample Web Application Test" duration-ms="13" started-at="2016-06-29T08:20:55Z" finished-at="2016-06-29T08:20:55Z">
      <class name="com.craft.WebAppTest">
        <test-method status="PASS" signature="webSiteTest()[pri:0, instance:com.craft.WebAppTest@26be92ad]" name="webSiteTest" duration-ms="5" started-at="2016-06-29T01:20:55Z" finished-at="2016-06-29T01:20:55Z">
          <reporter-output>
          </reporter-output>
        </test-method> <!-- webSiteTest -->
      </class> <!-- com.craft.WebAppTest -->
    </test> <!-- Sample Web Application Test -->
  </suite> <!-- My Sample Suite -->
</testng-results>
