<?xml version="1.0" encoding="UTF-8"?>
<testng-results skipped="0" failed="0" total="1" passed="1">
  <reporter-output>
  </reporter-output>
  <suite name="Default suite" duration-ms="19393" started-at="2016-06-29T04:33:45Z" finished-at="2016-06-29T04:34:05Z">
    <groups>
    </groups>
    <test name="Default test" duration-ms="19393" started-at="2016-06-29T04:33:45Z" finished-at="2016-06-29T04:34:05Z">
      <class name="com.craft.WebAppTest">
        <test-method status="PASS" signature="webSiteTest()[pri:0, instance:com.craft.WebAppTest@2a5ca609]" name="webSiteTest" duration-ms="19349" started-at="2016-06-28T21:33:45Z" finished-at="2016-06-28T21:34:05Z">
          <reporter-output>
          </reporter-output>
        </test-method> <!-- webSiteTest -->
      </class> <!-- com.craft.WebAppTest -->
    </test> <!-- Default test -->
  </suite> <!-- Default suite -->
</testng-results>
